13:54:37.534 [Forwarding newSession on session null to remote] DEBUG io.netty.util.NetUtilInitializations -Loopback interface: lo (Software Loopback Interface 1, 127.0.0.1)
13:54:37.543 [Forwarding newSession on session null to remote] DEBUG io.netty.util.NetUtil -Failed to get SOMAXCONN from sysctl and file \proc\sys\net\core\somaxconn. Default: 200
13:54:37.562 [Forwarding newSession on session null to remote] DEBUG io.netty.channel.DefaultChannelId --Dio.netty.machineId: b0:35:9f:ff:fe:88:60:6c (auto-detected)
13:54:37.626 [AsyncHttpClient-1-2] DEBUG io.netty.buffer.AbstractByteBuf --Dio.netty.buffer.checkAccessible: true
13:54:37.626 [AsyncHttpClient-1-2] DEBUG io.netty.buffer.AbstractByteBuf --Dio.netty.buffer.checkBounds: true
13:54:37.626 [AsyncHttpClient-1-2] DEBUG io.netty.util.ResourceLeakDetectorFactory -Loaded default ResourceLeakDetector: io.netty.util.ResourceLeakDetector@5217573e
13:54:37.652 [AsyncHttpClient-1-2] DEBUG io.netty.util.Recycler --Dio.netty.recycler.maxCapacityPerThread: 4096
13:54:37.652 [AsyncHttpClient-1-2] DEBUG io.netty.util.Recycler --Dio.netty.recycler.ratio: 8
13:54:37.652 [AsyncHttpClient-1-2] DEBUG io.netty.util.Recycler --Dio.netty.recycler.chunkSize: 32
13:54:37.652 [AsyncHttpClient-1-2] DEBUG io.netty.util.Recycler --Dio.netty.recycler.blocking: false
13:54:37.652 [AsyncHttpClient-1-2] DEBUG io.netty.util.Recycler --Dio.netty.recycler.batchFastThreadLocalOnly: true
13:54:38.448 [AsyncHttpClient-1-2] DEBUG io.netty.handler.codec.compression.Brotli -brotli4j not in the classpath; Brotli support will be unavailable.
13:54:38.530 [main] DEBUG io.netty.util.internal.ThreadLocalRandom --Dio.netty.initialSeedUniquifier: 0xb947ba6c007d1af8
13:54:38.580 [main] INFO  stepDefinitions.Steps -*** URL Is launching***
13:54:39.550 [main] INFO  stepDefinitions.Steps -*** Username Entered ***
13:54:39.723 [main] INFO  stepDefinitions.Steps -*** Password Entered ***
13:54:39.905 [main] INFO  stepDefinitions.Steps -*** successfully submitted the loginbutton ***
13:54:40.012 [main] INFO  stepDefinitions.Steps -*** successfully entered the app page ***
13:54:40.324 [main] INFO  stepDefinitions.Steps -*** successfully logout the app ***
13:54:40.557 [main] INFO  stepDefinitions.Steps -***browser launching ***
13:54:41.691 [main] INFO  stepDefinitions.Steps -*** URL Is launching***
13:54:42.611 [main] INFO  stepDefinitions.Steps -*** Username Entered ***
13:54:42.783 [main] INFO  stepDefinitions.Steps -*** Password Entered ***
13:54:42.928 [main] INFO  stepDefinitions.Steps -*** successfully submitted the loginbutton ***
13:55:00.474 [main] INFO  stepDefinitions.Steps -***browser launching ***
13:55:01.546 [main] INFO  stepDefinitions.Steps -*** URL Is launching***
13:55:03.521 [main] INFO  stepDefinitions.Steps -*** Username Entered ***
13:55:03.709 [main] INFO  stepDefinitions.Steps -*** Password Entered ***
13:55:03.913 [main] INFO  stepDefinitions.Steps -*** successfully submitted the loginbutton ***
13:55:03.999 [main] INFO  stepDefinitions.Steps -*** successfully entered the app page ***
13:55:04.258 [main] INFO  stepDefinitions.Steps -*** successfully logout the app ***
13:55:04.472 [main] INFO  stepDefinitions.Steps -***browser launching ***
13:55:05.430 [main] INFO  stepDefinitions.Steps -*** URL Is launching***
13:55:06.399 [main] INFO  stepDefinitions.Steps -*** Username Entered ***
13:55:06.546 [main] INFO  stepDefinitions.Steps -*** Password Entered ***
13:55:11.727 [main] INFO  stepDefinitions.Steps -*** successfully submitted the loginbutton ***
13:55:11.790 [main] INFO  stepDefinitions.Steps -*** successfully entered the app page ***
13:55:12.039 [main] INFO  stepDefinitions.Steps -*** successfully logout the app ***
14:38:21.718 [main] INFO  stepDefinitions.Steps -***browser launching ***
14:38:23.223 [main] DEBUG io.netty.util.internal.logging.InternalLoggerFactory -Using Log4J2 as the default logging framework
14:38:23.227 [main] DEBUG io.netty.util.ResourceLeakDetector --Dio.netty.leakDetection.level: simple
14:38:23.227 [main] DEBUG io.netty.util.ResourceLeakDetector --Dio.netty.leakDetection.targetRecords: 4
14:38:23.232 [main] DEBUG io.netty.util.ResourceLeakDetectorFactory -Loaded default ResourceLeakDetector: io.netty.util.ResourceLeakDetector@6b2e0f78
14:38:23.251 [main] DEBUG io.netty.util.internal.PlatformDependent0 --Dio.netty.noUnsafe: false
14:38:23.251 [main] DEBUG io.netty.util.internal.PlatformDependent0 -Java version: 17
14:38:23.253 [main] DEBUG io.netty.util.internal.PlatformDependent0 -sun.misc.Unsafe.theUnsafe: available
14:38:23.253 [main] DEBUG io.netty.util.internal.PlatformDependent0 -sun.misc.Unsafe.copyMemory: available
14:38:23.254 [main] DEBUG io.netty.util.internal.PlatformDependent0 -sun.misc.Unsafe.storeFence: available
14:38:23.254 [main] DEBUG io.netty.util.internal.PlatformDependent0 -java.nio.Buffer.address: available
14:38:23.255 [main] DEBUG io.netty.util.internal.PlatformDependent0 -direct buffer constructor: unavailable: Reflective setAccessible(true) disabled
14:38:23.255 [main] DEBUG io.netty.util.internal.PlatformDependent0 -java.nio.Bits.unaligned: available, true
14:38:23.256 [main] DEBUG io.netty.util.internal.PlatformDependent0 -jdk.internal.misc.Unsafe.allocateUninitializedArray(int): unavailable: class io.netty.util.internal.PlatformDependent0$7 cannot access class jdk.internal.misc.Unsafe (in module java.base) because module java.base does not export jdk.internal.misc to unnamed module @553f17c
14:38:23.257 [main] DEBUG io.netty.util.internal.PlatformDependent0 -java.nio.DirectByteBuffer.<init>(long, int): unavailable
14:38:23.257 [main] DEBUG io.netty.util.internal.PlatformDependent -sun.misc.Unsafe: available
14:38:23.258 [main] DEBUG io.netty.util.internal.PlatformDependent -maxDirectMemory: 2118123520 bytes (maybe)
14:38:23.258 [main] DEBUG io.netty.util.internal.PlatformDependent --Dio.netty.tmpdir: C:\Users\Dell\AppData\Local\Temp (java.io.tmpdir)
14:38:23.258 [main] DEBUG io.netty.util.internal.PlatformDependent --Dio.netty.bitMode: 64 (sun.arch.data.model)
14:38:23.259 [main] DEBUG io.netty.util.internal.PlatformDependent -Platform: Windows
14:38:23.260 [main] DEBUG io.netty.util.internal.PlatformDependent --Dio.netty.maxDirectMemory: -1 bytes
14:38:23.260 [main] DEBUG io.netty.util.internal.PlatformDependent --Dio.netty.uninitializedArrayAllocationThreshold: -1
14:38:23.261 [main] DEBUG io.netty.util.internal.CleanerJava9 -java.nio.ByteBuffer.cleaner(): available
14:38:23.262 [main] DEBUG io.netty.util.internal.PlatformDependent --Dio.netty.noPreferDirect: false
14:38:23.271 [main] DEBUG io.netty.util.internal.PlatformDependent -org.jctools-core.MpscChunkedArrayQueue: available
14:38:23.290 [main] DEBUG io.netty.util.internal.InternalThreadLocalMap --Dio.netty.threadLocalMap.stringBuilder.initialSize: 1024
14:38:23.290 [main] DEBUG io.netty.util.internal.InternalThreadLocalMap --Dio.netty.threadLocalMap.stringBuilder.maxSize: 4096
14:38:23.457 [main] DEBUG io.netty.handler.ssl.JdkSslContext -Default protocols (JDK): [TLSv1.3, TLSv1.2] 
14:38:23.457 [main] DEBUG io.netty.handler.ssl.JdkSslContext -Default cipher suites (JDK): [TLS_ECDHE_ECDSA_WITH_AES_256_GCM_SHA384, TLS_ECDHE_ECDSA_WITH_AES_128_GCM_SHA256, TLS_ECDHE_RSA_WITH_AES_128_GCM_SHA256, TLS_ECDHE_RSA_WITH_AES_256_GCM_SHA384, TLS_ECDHE_RSA_WITH_AES_128_CBC_SHA, TLS_ECDHE_RSA_WITH_AES_256_CBC_SHA, TLS_RSA_WITH_AES_128_GCM_SHA256, TLS_RSA_WITH_AES_128_CBC_SHA, TLS_RSA_WITH_AES_256_CBC_SHA, TLS_AES_128_GCM_SHA256, TLS_AES_256_GCM_SHA384]
14:38:23.473 [main] DEBUG io.netty.util.concurrent.GlobalEventExecutor --Dio.netty.globalEventExecutor.quietPeriodSeconds: 1
14:38:23.490 [main] DEBUG io.netty.channel.MultithreadEventLoopGroup --Dio.netty.eventLoopThreads: 8
14:38:23.497 [main] DEBUG io.netty.channel.nio.NioEventLoop --Dio.netty.noKeySetOptimization: false
14:38:23.497 [main] DEBUG io.netty.channel.nio.NioEventLoop --Dio.netty.selectorAutoRebuildThreshold: 512
14:38:23.537 [main] DEBUG io.netty.buffer.PooledByteBufAllocator --Dio.netty.allocator.numHeapArenas: 8
14:38:23.537 [main] DEBUG io.netty.buffer.PooledByteBufAllocator --Dio.netty.allocator.numDirectArenas: 8
14:38:23.537 [main] DEBUG io.netty.buffer.PooledByteBufAllocator --Dio.netty.allocator.pageSize: 8192
14:38:23.538 [main] DEBUG io.netty.buffer.PooledByteBufAllocator --Dio.netty.allocator.maxOrder: 9
14:38:23.538 [main] DEBUG io.netty.buffer.PooledByteBufAllocator --Dio.netty.allocator.chunkSize: 4194304
14:38:23.538 [main] DEBUG io.netty.buffer.PooledByteBufAllocator --Dio.netty.allocator.smallCacheSize: 256
14:38:23.538 [main] DEBUG io.netty.buffer.PooledByteBufAllocator --Dio.netty.allocator.normalCacheSize: 64
14:38:23.538 [main] DEBUG io.netty.buffer.PooledByteBufAllocator --Dio.netty.allocator.maxCachedBufferCapacity: 32768
14:38:23.538 [main] DEBUG io.netty.buffer.PooledByteBufAllocator --Dio.netty.allocator.cacheTrimInterval: 8192
14:38:23.538 [main] DEBUG io.netty.buffer.PooledByteBufAllocator --Dio.netty.allocator.cacheTrimIntervalMillis: 0
14:38:23.538 [main] DEBUG io.netty.buffer.PooledByteBufAllocator --Dio.netty.allocator.useCacheForAllThreads: false
14:38:23.538 [main] DEBUG io.netty.buffer.PooledByteBufAllocator --Dio.netty.allocator.maxCachedByteBuffersPerChunk: 1023
14:38:23.547 [main] DEBUG io.netty.buffer.ByteBufUtil --Dio.netty.allocator.type: pooled
14:38:23.547 [main] DEBUG io.netty.buffer.ByteBufUtil --Dio.netty.threadLocalDirectBufferSize: 0
14:38:23.547 [main] DEBUG io.netty.buffer.ByteBufUtil --Dio.netty.maxThreadLocalCharBufferSize: 16384
14:38:23.807 [Forwarding newSession on session null to remote] DEBUG io.netty.channel.DefaultChannelId --Dio.netty.processId: 3472 (auto-detected)
14:38:23.810 [Forwarding newSession on session null to remote] DEBUG io.netty.util.NetUtil --Djava.net.preferIPv4Stack: false
14:38:23.810 [Forwarding newSession on session null to remote] DEBUG io.netty.util.NetUtil --Djava.net.preferIPv6Addresses: false
14:38:23.819 [Forwarding newSession on session null to remote] DEBUG io.netty.util.NetUtilInitializations -Loopback interface: lo (Software Loopback Interface 1, 127.0.0.1)
14:38:23.820 [Forwarding newSession on session null to remote] DEBUG io.netty.util.NetUtil -Failed to get SOMAXCONN from sysctl and file \proc\sys\net\core\somaxconn. Default: 200
14:38:23.838 [Forwarding newSession on session null to remote] DEBUG io.netty.channel.DefaultChannelId --Dio.netty.machineId: b0:35:9f:ff:fe:88:60:6c (auto-detected)
14:38:23.876 [AsyncHttpClient-1-2] DEBUG io.netty.buffer.AbstractByteBuf --Dio.netty.buffer.checkAccessible: true
14:38:23.877 [AsyncHttpClient-1-2] DEBUG io.netty.buffer.AbstractByteBuf --Dio.netty.buffer.checkBounds: true
14:38:23.877 [AsyncHttpClient-1-2] DEBUG io.netty.util.ResourceLeakDetectorFactory -Loaded default ResourceLeakDetector: io.netty.util.ResourceLeakDetector@195e93d1
14:38:23.897 [AsyncHttpClient-1-2] DEBUG io.netty.util.Recycler --Dio.netty.recycler.maxCapacityPerThread: 4096
14:38:23.897 [AsyncHttpClient-1-2] DEBUG io.netty.util.Recycler --Dio.netty.recycler.ratio: 8
14:38:23.898 [AsyncHttpClient-1-2] DEBUG io.netty.util.Recycler --Dio.netty.recycler.chunkSize: 32
14:38:23.898 [AsyncHttpClient-1-2] DEBUG io.netty.util.Recycler --Dio.netty.recycler.blocking: false
14:38:23.898 [AsyncHttpClient-1-2] DEBUG io.netty.util.Recycler --Dio.netty.recycler.batchFastThreadLocalOnly: true
14:38:24.675 [AsyncHttpClient-1-2] DEBUG io.netty.handler.codec.compression.Brotli -brotli4j not in the classpath; Brotli support will be unavailable.
14:38:24.902 [main] DEBUG io.netty.util.internal.ThreadLocalRandom --Dio.netty.initialSeedUniquifier: 0x52890bfa7ef76730
14:38:25.022 [main] INFO  stepDefinitions.Steps -*** URL Is launching***
14:38:26.127 [main] INFO  stepDefinitions.Steps -*** Username Entered ***
14:38:26.365 [main] INFO  stepDefinitions.Steps -*** Password Entered ***
14:38:26.586 [main] INFO  stepDefinitions.Steps -*** successfully submitted the loginbutton ***
14:38:26.699 [main] INFO  stepDefinitions.Steps -*** successfully entered the app page ***
14:38:26.952 [main] INFO  stepDefinitions.Steps -*** successfully logout the app ***
14:38:27.321 [main] INFO  stepDefinitions.Steps -***browser launching ***
14:38:28.490 [main] INFO  stepDefinitions.Steps -*** URL Is launching***
14:38:29.566 [main] INFO  stepDefinitions.Steps -*** Username Entered ***
14:38:29.775 [main] INFO  stepDefinitions.Steps -*** Password Entered ***
14:38:29.962 [main] INFO  stepDefinitions.Steps -*** successfully submitted the loginbutton ***
14:38:30.056 [main] INFO  stepDefinitions.Steps -*** successfully entered the app page ***
14:38:30.456 [main] INFO  stepDefinitions.Steps -*** successfully logout the app ***
14:38:30.656 [main] INFO  stepDefinitions.Steps -***browser launching ***
14:38:31.962 [main] INFO  stepDefinitions.Steps -*** URL Is launching***
14:38:32.934 [main] INFO  stepDefinitions.Steps -*** Username Entered ***
14:38:33.113 [main] INFO  stepDefinitions.Steps -*** Password Entered ***
14:38:33.260 [main] INFO  stepDefinitions.Steps -*** successfully submitted the loginbutton ***
14:38:36.678 [main] INFO  stepDefinitions.Steps -***browser launching ***
14:38:37.928 [main] INFO  stepDefinitions.Steps -*** URL Is launching***
14:38:38.842 [main] INFO  stepDefinitions.Steps -*** Username Entered ***
14:38:39.037 [main] INFO  stepDefinitions.Steps -*** Password Entered ***
14:38:39.231 [main] INFO  stepDefinitions.Steps -*** successfully submitted the loginbutton ***
14:38:39.271 [main] INFO  stepDefinitions.Steps -*** successfully entered the app page ***
14:38:39.585 [main] INFO  stepDefinitions.Steps -*** successfully logout the app ***
14:38:39.806 [main] INFO  stepDefinitions.Steps -***browser launching ***
14:38:41.148 [main] INFO  stepDefinitions.Steps -*** URL Is launching***
14:38:42.149 [main] INFO  stepDefinitions.Steps -*** Username Entered ***
14:38:42.382 [main] INFO  stepDefinitions.Steps -*** Password Entered ***
14:38:47.562 [main] INFO  stepDefinitions.Steps -*** successfully submitted the loginbutton ***
14:38:47.625 [main] INFO  stepDefinitions.Steps -*** successfully entered the app page ***
14:38:47.950 [main] INFO  stepDefinitions.Steps -*** successfully logout the app ***
14:40:17.218 [main] INFO  stepDefinitions.Steps -***browser launching ***
14:40:17.726 [main] DEBUG io.netty.util.internal.logging.InternalLoggerFactory -Using Log4J2 as the default logging framework
14:40:17.731 [main] DEBUG io.netty.util.ResourceLeakDetector --Dio.netty.leakDetection.level: simple
14:40:17.731 [main] DEBUG io.netty.util.ResourceLeakDetector --Dio.netty.leakDetection.targetRecords: 4
14:40:17.737 [main] DEBUG io.netty.util.ResourceLeakDetectorFactory -Loaded default ResourceLeakDetector: io.netty.util.ResourceLeakDetector@6b2e0f78
14:40:17.752 [main] DEBUG io.netty.util.internal.PlatformDependent0 --Dio.netty.noUnsafe: false
14:40:17.752 [main] DEBUG io.netty.util.internal.PlatformDependent0 -Java version: 17
14:40:17.755 [main] DEBUG io.netty.util.internal.PlatformDependent0 -sun.misc.Unsafe.theUnsafe: available
14:40:17.756 [main] DEBUG io.netty.util.internal.PlatformDependent0 -sun.misc.Unsafe.copyMemory: available
14:40:17.756 [main] DEBUG io.netty.util.internal.PlatformDependent0 -sun.misc.Unsafe.storeFence: available
14:40:17.756 [main] DEBUG io.netty.util.internal.PlatformDependent0 -java.nio.Buffer.address: available
14:40:17.757 [main] DEBUG io.netty.util.internal.PlatformDependent0 -direct buffer constructor: unavailable: Reflective setAccessible(true) disabled
14:40:17.758 [main] DEBUG io.netty.util.internal.PlatformDependent0 -java.nio.Bits.unaligned: available, true
14:40:17.759 [main] DEBUG io.netty.util.internal.PlatformDependent0 -jdk.internal.misc.Unsafe.allocateUninitializedArray(int): unavailable: class io.netty.util.internal.PlatformDependent0$7 cannot access class jdk.internal.misc.Unsafe (in module java.base) because module java.base does not export jdk.internal.misc to unnamed module @553f17c
14:40:17.759 [main] DEBUG io.netty.util.internal.PlatformDependent0 -java.nio.DirectByteBuffer.<init>(long, int): unavailable
14:40:17.759 [main] DEBUG io.netty.util.internal.PlatformDependent -sun.misc.Unsafe: available
14:40:17.760 [main] DEBUG io.netty.util.internal.PlatformDependent -maxDirectMemory: 2118123520 bytes (maybe)
14:40:17.761 [main] DEBUG io.netty.util.internal.PlatformDependent --Dio.netty.tmpdir: C:\Users\Dell\AppData\Local\Temp (java.io.tmpdir)
14:40:17.761 [main] DEBUG io.netty.util.internal.PlatformDependent --Dio.netty.bitMode: 64 (sun.arch.data.model)
14:40:17.761 [main] DEBUG io.netty.util.internal.PlatformDependent -Platform: Windows
14:40:17.761 [main] DEBUG io.netty.util.internal.PlatformDependent --Dio.netty.maxDirectMemory: -1 bytes
14:40:17.761 [main] DEBUG io.netty.util.internal.PlatformDependent --Dio.netty.uninitializedArrayAllocationThreshold: -1
14:40:17.762 [main] DEBUG io.netty.util.internal.CleanerJava9 -java.nio.ByteBuffer.cleaner(): available
14:40:17.762 [main] DEBUG io.netty.util.internal.PlatformDependent --Dio.netty.noPreferDirect: false
14:40:17.768 [main] DEBUG io.netty.util.internal.PlatformDependent -org.jctools-core.MpscChunkedArrayQueue: available
14:40:17.782 [main] DEBUG io.netty.util.internal.InternalThreadLocalMap --Dio.netty.threadLocalMap.stringBuilder.initialSize: 1024
14:40:17.782 [main] DEBUG io.netty.util.internal.InternalThreadLocalMap --Dio.netty.threadLocalMap.stringBuilder.maxSize: 4096
14:40:17.908 [main] DEBUG io.netty.handler.ssl.JdkSslContext -Default protocols (JDK): [TLSv1.3, TLSv1.2] 
14:40:17.908 [main] DEBUG io.netty.handler.ssl.JdkSslContext -Default cipher suites (JDK): [TLS_ECDHE_ECDSA_WITH_AES_256_GCM_SHA384, TLS_ECDHE_ECDSA_WITH_AES_128_GCM_SHA256, TLS_ECDHE_RSA_WITH_AES_128_GCM_SHA256, TLS_ECDHE_RSA_WITH_AES_256_GCM_SHA384, TLS_ECDHE_RSA_WITH_AES_128_CBC_SHA, TLS_ECDHE_RSA_WITH_AES_256_CBC_SHA, TLS_RSA_WITH_AES_128_GCM_SHA256, TLS_RSA_WITH_AES_128_CBC_SHA, TLS_RSA_WITH_AES_256_CBC_SHA, TLS_AES_128_GCM_SHA256, TLS_AES_256_GCM_SHA384]
14:40:17.919 [main] DEBUG io.netty.util.concurrent.GlobalEventExecutor --Dio.netty.globalEventExecutor.quietPeriodSeconds: 1
14:40:17.930 [main] DEBUG io.netty.channel.MultithreadEventLoopGroup --Dio.netty.eventLoopThreads: 8
14:40:17.937 [main] DEBUG io.netty.channel.nio.NioEventLoop --Dio.netty.noKeySetOptimization: false
14:40:17.938 [main] DEBUG io.netty.channel.nio.NioEventLoop --Dio.netty.selectorAutoRebuildThreshold: 512
14:40:17.972 [main] DEBUG io.netty.buffer.PooledByteBufAllocator --Dio.netty.allocator.numHeapArenas: 8
14:40:17.972 [main] DEBUG io.netty.buffer.PooledByteBufAllocator --Dio.netty.allocator.numDirectArenas: 8
14:40:17.972 [main] DEBUG io.netty.buffer.PooledByteBufAllocator --Dio.netty.allocator.pageSize: 8192
14:40:17.973 [main] DEBUG io.netty.buffer.PooledByteBufAllocator --Dio.netty.allocator.maxOrder: 9
14:40:17.973 [main] DEBUG io.netty.buffer.PooledByteBufAllocator --Dio.netty.allocator.chunkSize: 4194304
14:40:17.973 [main] DEBUG io.netty.buffer.PooledByteBufAllocator --Dio.netty.allocator.smallCacheSize: 256
14:40:17.973 [main] DEBUG io.netty.buffer.PooledByteBufAllocator --Dio.netty.allocator.normalCacheSize: 64
14:40:17.973 [main] DEBUG io.netty.buffer.PooledByteBufAllocator --Dio.netty.allocator.maxCachedBufferCapacity: 32768
14:40:17.973 [main] DEBUG io.netty.buffer.PooledByteBufAllocator --Dio.netty.allocator.cacheTrimInterval: 8192
14:40:17.973 [main] DEBUG io.netty.buffer.PooledByteBufAllocator --Dio.netty.allocator.cacheTrimIntervalMillis: 0
14:40:17.973 [main] DEBUG io.netty.buffer.PooledByteBufAllocator --Dio.netty.allocator.useCacheForAllThreads: false
14:40:17.973 [main] DEBUG io.netty.buffer.PooledByteBufAllocator --Dio.netty.allocator.maxCachedByteBuffersPerChunk: 1023
14:40:17.985 [main] DEBUG io.netty.buffer.ByteBufUtil --Dio.netty.allocator.type: pooled
14:40:17.985 [main] DEBUG io.netty.buffer.ByteBufUtil --Dio.netty.threadLocalDirectBufferSize: 0
14:40:17.985 [main] DEBUG io.netty.buffer.ByteBufUtil --Dio.netty.maxThreadLocalCharBufferSize: 16384
14:40:18.294 [Forwarding newSession on session null to remote] DEBUG io.netty.channel.DefaultChannelId --Dio.netty.processId: 4308 (auto-detected)
14:40:18.296 [Forwarding newSession on session null to remote] DEBUG io.netty.util.NetUtil --Djava.net.preferIPv4Stack: false
14:40:18.296 [Forwarding newSession on session null to remote] DEBUG io.netty.util.NetUtil --Djava.net.preferIPv6Addresses: false
14:40:18.305 [Forwarding newSession on session null to remote] DEBUG io.netty.util.NetUtilInitializations -Loopback interface: lo (Software Loopback Interface 1, 127.0.0.1)
14:40:18.306 [Forwarding newSession on session null to remote] DEBUG io.netty.util.NetUtil -Failed to get SOMAXCONN from sysctl and file \proc\sys\net\core\somaxconn. Default: 200
14:40:18.326 [Forwarding newSession on session null to remote] DEBUG io.netty.channel.DefaultChannelId --Dio.netty.machineId: b0:35:9f:ff:fe:88:60:6c (auto-detected)
14:40:18.364 [AsyncHttpClient-1-2] DEBUG io.netty.buffer.AbstractByteBuf --Dio.netty.buffer.checkAccessible: true
14:40:18.364 [AsyncHttpClient-1-2] DEBUG io.netty.buffer.AbstractByteBuf --Dio.netty.buffer.checkBounds: true
14:40:18.364 [AsyncHttpClient-1-2] DEBUG io.netty.util.ResourceLeakDetectorFactory -Loaded default ResourceLeakDetector: io.netty.util.ResourceLeakDetector@195e93d1
14:40:18.386 [AsyncHttpClient-1-2] DEBUG io.netty.util.Recycler --Dio.netty.recycler.maxCapacityPerThread: 4096
14:40:18.386 [AsyncHttpClient-1-2] DEBUG io.netty.util.Recycler --Dio.netty.recycler.ratio: 8
14:40:18.386 [AsyncHttpClient-1-2] DEBUG io.netty.util.Recycler --Dio.netty.recycler.chunkSize: 32
14:40:18.386 [AsyncHttpClient-1-2] DEBUG io.netty.util.Recycler --Dio.netty.recycler.blocking: false
14:40:18.386 [AsyncHttpClient-1-2] DEBUG io.netty.util.Recycler --Dio.netty.recycler.batchFastThreadLocalOnly: true
14:40:19.092 [AsyncHttpClient-1-2] DEBUG io.netty.handler.codec.compression.Brotli -brotli4j not in the classpath; Brotli support will be unavailable.
14:40:19.309 [main] DEBUG io.netty.util.internal.ThreadLocalRandom --Dio.netty.initialSeedUniquifier: 0xbb09ae006490cb4a
14:40:19.418 [main] INFO  stepDefinitions.Steps -*** URL Is launching***
14:40:20.499 [main] INFO  stepDefinitions.Steps -*** Username Entered ***
14:40:20.737 [main] INFO  stepDefinitions.Steps -*** Password Entered ***
14:40:20.914 [main] INFO  stepDefinitions.Steps -*** successfully submitted the loginbutton ***
14:40:21.024 [main] INFO  stepDefinitions.Steps -*** successfully entered the app page ***
14:40:21.418 [main] INFO  stepDefinitions.Steps -*** successfully logout the app ***
14:40:21.696 [main] INFO  stepDefinitions.Steps -***browser launching ***
14:40:22.771 [main] INFO  stepDefinitions.Steps -*** URL Is launching***
14:40:23.876 [main] INFO  stepDefinitions.Steps -*** Username Entered ***
14:40:24.062 [main] INFO  stepDefinitions.Steps -*** Password Entered ***
14:40:24.256 [main] INFO  stepDefinitions.Steps -*** successfully submitted the loginbutton ***
14:40:24.336 [main] INFO  stepDefinitions.Steps -*** successfully entered the app page ***
14:40:24.641 [main] INFO  stepDefinitions.Steps -*** successfully logout the app ***
14:40:24.788 [main] INFO  stepDefinitions.Steps -***browser launching ***
14:40:26.331 [main] INFO  stepDefinitions.Steps -*** URL Is launching***
14:40:27.356 [main] INFO  stepDefinitions.Steps -*** Username Entered ***
14:40:27.520 [main] INFO  stepDefinitions.Steps -*** Password Entered ***
14:40:27.660 [main] INFO  stepDefinitions.Steps -*** successfully submitted the loginbutton ***
14:40:38.859 [main] INFO  stepDefinitions.Steps -***browser launching ***
14:40:40.121 [main] INFO  stepDefinitions.Steps -*** URL Is launching***
14:40:41.087 [main] INFO  stepDefinitions.Steps -*** Username Entered ***
14:40:41.271 [main] INFO  stepDefinitions.Steps -*** Password Entered ***
14:40:41.453 [main] INFO  stepDefinitions.Steps -*** successfully submitted the loginbutton ***
14:40:41.524 [main] INFO  stepDefinitions.Steps -*** successfully entered the app page ***
14:40:41.820 [main] INFO  stepDefinitions.Steps -*** successfully logout the app ***
14:40:42.015 [main] INFO  stepDefinitions.Steps -***browser launching ***
14:40:43.132 [main] INFO  stepDefinitions.Steps -*** URL Is launching***
14:40:44.132 [main] INFO  stepDefinitions.Steps -*** Username Entered ***
14:40:44.350 [main] INFO  stepDefinitions.Steps -*** Password Entered ***
14:40:49.524 [main] INFO  stepDefinitions.Steps -*** successfully submitted the loginbutton ***
14:40:49.584 [main] INFO  stepDefinitions.Steps -*** successfully entered the app page ***
14:40:49.895 [main] INFO  stepDefinitions.Steps -*** successfully logout the app ***
