12:49:04.278 [main] INFO  stepDefinitions.Steps -***browser launching ***
12:49:06.103 [main] DEBUG io.netty.util.internal.logging.InternalLoggerFactory -Using Log4J2 as the default logging framework
12:49:06.109 [main] DEBUG io.netty.util.ResourceLeakDetector --Dio.netty.leakDetection.level: simple
12:49:06.110 [main] DEBUG io.netty.util.ResourceLeakDetector --Dio.netty.leakDetection.targetRecords: 4
12:49:06.114 [main] DEBUG io.netty.util.ResourceLeakDetectorFactory -Loaded default ResourceLeakDetector: io.netty.util.ResourceLeakDetector@77d18d0b
12:49:06.132 [main] DEBUG io.netty.util.internal.PlatformDependent0 --Dio.netty.noUnsafe: false
12:49:06.132 [main] DEBUG io.netty.util.internal.PlatformDependent0 -Java version: 17
12:49:06.133 [main] DEBUG io.netty.util.internal.PlatformDependent0 -sun.misc.Unsafe.theUnsafe: available
12:49:06.134 [main] DEBUG io.netty.util.internal.PlatformDependent0 -sun.misc.Unsafe.copyMemory: available
12:49:06.134 [main] DEBUG io.netty.util.internal.PlatformDependent0 -sun.misc.Unsafe.storeFence: available
12:49:06.135 [main] DEBUG io.netty.util.internal.PlatformDependent0 -java.nio.Buffer.address: available
12:49:06.135 [main] DEBUG io.netty.util.internal.PlatformDependent0 -direct buffer constructor: unavailable: Reflective setAccessible(true) disabled
12:49:06.136 [main] DEBUG io.netty.util.internal.PlatformDependent0 -java.nio.Bits.unaligned: available, true
12:49:06.136 [main] DEBUG io.netty.util.internal.PlatformDependent0 -jdk.internal.misc.Unsafe.allocateUninitializedArray(int): unavailable: class io.netty.util.internal.PlatformDependent0$7 cannot access class jdk.internal.misc.Unsafe (in module java.base) because module java.base does not export jdk.internal.misc to unnamed module @46f5f779
12:49:06.137 [main] DEBUG io.netty.util.internal.PlatformDependent0 -java.nio.DirectByteBuffer.<init>(long, int): unavailable
12:49:06.137 [main] DEBUG io.netty.util.internal.PlatformDependent -sun.misc.Unsafe: available
12:49:06.138 [main] DEBUG io.netty.util.internal.PlatformDependent -maxDirectMemory: 2118123520 bytes (maybe)
12:49:06.138 [main] DEBUG io.netty.util.internal.PlatformDependent --Dio.netty.tmpdir: C:\Users\Dell\AppData\Local\Temp (java.io.tmpdir)
12:49:06.138 [main] DEBUG io.netty.util.internal.PlatformDependent --Dio.netty.bitMode: 64 (sun.arch.data.model)
12:49:06.138 [main] DEBUG io.netty.util.internal.PlatformDependent -Platform: Windows
12:49:06.139 [main] DEBUG io.netty.util.internal.PlatformDependent --Dio.netty.maxDirectMemory: -1 bytes
12:49:06.139 [main] DEBUG io.netty.util.internal.PlatformDependent --Dio.netty.uninitializedArrayAllocationThreshold: -1
12:49:06.140 [main] DEBUG io.netty.util.internal.CleanerJava9 -java.nio.ByteBuffer.cleaner(): available
12:49:06.140 [main] DEBUG io.netty.util.internal.PlatformDependent --Dio.netty.noPreferDirect: false
12:49:06.146 [main] DEBUG io.netty.util.internal.PlatformDependent -org.jctools-core.MpscChunkedArrayQueue: available
12:49:06.171 [main] DEBUG io.netty.util.internal.InternalThreadLocalMap --Dio.netty.threadLocalMap.stringBuilder.initialSize: 1024
12:49:06.171 [main] DEBUG io.netty.util.internal.InternalThreadLocalMap --Dio.netty.threadLocalMap.stringBuilder.maxSize: 4096
12:49:06.318 [main] DEBUG io.netty.handler.ssl.JdkSslContext -Default protocols (JDK): [TLSv1.3, TLSv1.2] 
12:49:06.318 [main] DEBUG io.netty.handler.ssl.JdkSslContext -Default cipher suites (JDK): [TLS_ECDHE_ECDSA_WITH_AES_256_GCM_SHA384, TLS_ECDHE_ECDSA_WITH_AES_128_GCM_SHA256, TLS_ECDHE_RSA_WITH_AES_128_GCM_SHA256, TLS_ECDHE_RSA_WITH_AES_256_GCM_SHA384, TLS_ECDHE_RSA_WITH_AES_128_CBC_SHA, TLS_ECDHE_RSA_WITH_AES_256_CBC_SHA, TLS_RSA_WITH_AES_128_GCM_SHA256, TLS_RSA_WITH_AES_128_CBC_SHA, TLS_RSA_WITH_AES_256_CBC_SHA, TLS_AES_128_GCM_SHA256, TLS_AES_256_GCM_SHA384]
12:49:06.331 [main] DEBUG io.netty.util.concurrent.GlobalEventExecutor --Dio.netty.globalEventExecutor.quietPeriodSeconds: 1
12:49:06.342 [main] DEBUG io.netty.channel.MultithreadEventLoopGroup --Dio.netty.eventLoopThreads: 8
12:49:06.350 [main] DEBUG io.netty.channel.nio.NioEventLoop --Dio.netty.noKeySetOptimization: false
12:49:06.350 [main] DEBUG io.netty.channel.nio.NioEventLoop --Dio.netty.selectorAutoRebuildThreshold: 512
12:49:06.392 [main] DEBUG io.netty.buffer.PooledByteBufAllocator --Dio.netty.allocator.numHeapArenas: 8
12:49:06.392 [main] DEBUG io.netty.buffer.PooledByteBufAllocator --Dio.netty.allocator.numDirectArenas: 8
12:49:06.392 [main] DEBUG io.netty.buffer.PooledByteBufAllocator --Dio.netty.allocator.pageSize: 8192
12:49:06.392 [main] DEBUG io.netty.buffer.PooledByteBufAllocator --Dio.netty.allocator.maxOrder: 9
12:49:06.392 [main] DEBUG io.netty.buffer.PooledByteBufAllocator --Dio.netty.allocator.chunkSize: 4194304
12:49:06.392 [main] DEBUG io.netty.buffer.PooledByteBufAllocator --Dio.netty.allocator.smallCacheSize: 256
12:49:06.392 [main] DEBUG io.netty.buffer.PooledByteBufAllocator --Dio.netty.allocator.normalCacheSize: 64
12:49:06.392 [main] DEBUG io.netty.buffer.PooledByteBufAllocator --Dio.netty.allocator.maxCachedBufferCapacity: 32768
12:49:06.392 [main] DEBUG io.netty.buffer.PooledByteBufAllocator --Dio.netty.allocator.cacheTrimInterval: 8192
12:49:06.392 [main] DEBUG io.netty.buffer.PooledByteBufAllocator --Dio.netty.allocator.cacheTrimIntervalMillis: 0
12:49:06.392 [main] DEBUG io.netty.buffer.PooledByteBufAllocator --Dio.netty.allocator.useCacheForAllThreads: false
12:49:06.392 [main] DEBUG io.netty.buffer.PooledByteBufAllocator --Dio.netty.allocator.maxCachedByteBuffersPerChunk: 1023
12:49:06.404 [main] DEBUG io.netty.buffer.ByteBufUtil --Dio.netty.allocator.type: pooled
12:49:06.404 [main] DEBUG io.netty.buffer.ByteBufUtil --Dio.netty.threadLocalDirectBufferSize: 0
12:49:06.404 [main] DEBUG io.netty.buffer.ByteBufUtil --Dio.netty.maxThreadLocalCharBufferSize: 16384
12:49:07.412 [Forwarding newSession on session null to remote] DEBUG io.netty.channel.DefaultChannelId --Dio.netty.processId: 16920 (auto-detected)
12:49:07.414 [Forwarding newSession on session null to remote] DEBUG io.netty.util.NetUtil --Djava.net.preferIPv4Stack: false
12:49:07.414 [Forwarding newSession on session null to remote] DEBUG io.netty.util.NetUtil --Djava.net.preferIPv6Addresses: false
12:49:07.421 [Forwarding newSession on session null to remote] DEBUG io.netty.util.NetUtilInitializations -Loopback interface: lo (Software Loopback Interface 1, 127.0.0.1)
12:49:07.422 [Forwarding newSession on session null to remote] DEBUG io.netty.util.NetUtil -Failed to get SOMAXCONN from sysctl and file \proc\sys\net\core\somaxconn. Default: 200
12:49:07.440 [Forwarding newSession on session null to remote] DEBUG io.netty.channel.DefaultChannelId --Dio.netty.machineId: b0:35:9f:ff:fe:88:60:6c (auto-detected)
12:49:07.490 [AsyncHttpClient-1-2] DEBUG io.netty.buffer.AbstractByteBuf --Dio.netty.buffer.checkAccessible: true
12:49:07.490 [AsyncHttpClient-1-2] DEBUG io.netty.buffer.AbstractByteBuf --Dio.netty.buffer.checkBounds: true
12:49:07.490 [AsyncHttpClient-1-2] DEBUG io.netty.util.ResourceLeakDetectorFactory -Loaded default ResourceLeakDetector: io.netty.util.ResourceLeakDetector@4c2a4d66
12:49:07.510 [AsyncHttpClient-1-2] DEBUG io.netty.util.Recycler --Dio.netty.recycler.maxCapacityPerThread: 4096
12:49:07.510 [AsyncHttpClient-1-2] DEBUG io.netty.util.Recycler --Dio.netty.recycler.ratio: 8
12:49:07.510 [AsyncHttpClient-1-2] DEBUG io.netty.util.Recycler --Dio.netty.recycler.chunkSize: 32
12:49:07.510 [AsyncHttpClient-1-2] DEBUG io.netty.util.Recycler --Dio.netty.recycler.blocking: false
12:49:07.510 [AsyncHttpClient-1-2] DEBUG io.netty.util.Recycler --Dio.netty.recycler.batchFastThreadLocalOnly: true
12:49:09.209 [AsyncHttpClient-1-2] DEBUG io.netty.handler.codec.compression.Brotli -brotli4j not in the classpath; Brotli support will be unavailable.
12:49:09.432 [main] DEBUG io.netty.util.internal.ThreadLocalRandom --Dio.netty.initialSeedUniquifier: 0x66a838f13a8cd239
12:49:09.548 [main] INFO  stepDefinitions.Steps -*** URL Is launching***
12:49:10.755 [main] INFO  stepDefinitions.Steps -*** Username Entered ***
12:49:10.970 [main] INFO  stepDefinitions.Steps -*** Password Entered ***
12:49:11.212 [main] INFO  stepDefinitions.Steps -*** successfully submitted the loginbutton ***
12:49:11.319 [main] INFO  stepDefinitions.Steps -*** successfully entered the app page ***
12:49:11.659 [main] INFO  stepDefinitions.Steps -*** successfully logout the app ***
12:50:27.836 [main] INFO  stepDefinitions.Steps -***browser launching ***
12:50:28.373 [main] DEBUG io.netty.util.internal.logging.InternalLoggerFactory -Using Log4J2 as the default logging framework
12:50:28.380 [main] DEBUG io.netty.util.ResourceLeakDetector --Dio.netty.leakDetection.level: simple
12:50:28.380 [main] DEBUG io.netty.util.ResourceLeakDetector --Dio.netty.leakDetection.targetRecords: 4
12:50:28.386 [main] DEBUG io.netty.util.ResourceLeakDetectorFactory -Loaded default ResourceLeakDetector: io.netty.util.ResourceLeakDetector@1dbb650b
12:50:28.406 [main] DEBUG io.netty.util.internal.PlatformDependent0 --Dio.netty.noUnsafe: false
12:50:28.406 [main] DEBUG io.netty.util.internal.PlatformDependent0 -Java version: 17
12:50:28.407 [main] DEBUG io.netty.util.internal.PlatformDependent0 -sun.misc.Unsafe.theUnsafe: available
12:50:28.408 [main] DEBUG io.netty.util.internal.PlatformDependent0 -sun.misc.Unsafe.copyMemory: available
12:50:28.408 [main] DEBUG io.netty.util.internal.PlatformDependent0 -sun.misc.Unsafe.storeFence: available
12:50:28.409 [main] DEBUG io.netty.util.internal.PlatformDependent0 -java.nio.Buffer.address: available
12:50:28.410 [main] DEBUG io.netty.util.internal.PlatformDependent0 -direct buffer constructor: unavailable: Reflective setAccessible(true) disabled
12:50:28.410 [main] DEBUG io.netty.util.internal.PlatformDependent0 -java.nio.Bits.unaligned: available, true
12:50:28.411 [main] DEBUG io.netty.util.internal.PlatformDependent0 -jdk.internal.misc.Unsafe.allocateUninitializedArray(int): unavailable: class io.netty.util.internal.PlatformDependent0$7 cannot access class jdk.internal.misc.Unsafe (in module java.base) because module java.base does not export jdk.internal.misc to unnamed module @46f5f779
12:50:28.413 [main] DEBUG io.netty.util.internal.PlatformDependent0 -java.nio.DirectByteBuffer.<init>(long, int): unavailable
12:50:28.413 [main] DEBUG io.netty.util.internal.PlatformDependent -sun.misc.Unsafe: available
12:50:28.413 [main] DEBUG io.netty.util.internal.PlatformDependent -maxDirectMemory: 2118123520 bytes (maybe)
12:50:28.414 [main] DEBUG io.netty.util.internal.PlatformDependent --Dio.netty.tmpdir: C:\Users\Dell\AppData\Local\Temp (java.io.tmpdir)
12:50:28.414 [main] DEBUG io.netty.util.internal.PlatformDependent --Dio.netty.bitMode: 64 (sun.arch.data.model)
12:50:28.414 [main] DEBUG io.netty.util.internal.PlatformDependent -Platform: Windows
12:50:28.415 [main] DEBUG io.netty.util.internal.PlatformDependent --Dio.netty.maxDirectMemory: -1 bytes
12:50:28.415 [main] DEBUG io.netty.util.internal.PlatformDependent --Dio.netty.uninitializedArrayAllocationThreshold: -1
12:50:28.417 [main] DEBUG io.netty.util.internal.CleanerJava9 -java.nio.ByteBuffer.cleaner(): available
12:50:28.417 [main] DEBUG io.netty.util.internal.PlatformDependent --Dio.netty.noPreferDirect: false
12:50:28.426 [main] DEBUG io.netty.util.internal.PlatformDependent -org.jctools-core.MpscChunkedArrayQueue: available
12:50:28.453 [main] DEBUG io.netty.util.internal.InternalThreadLocalMap --Dio.netty.threadLocalMap.stringBuilder.initialSize: 1024
12:50:28.454 [main] DEBUG io.netty.util.internal.InternalThreadLocalMap --Dio.netty.threadLocalMap.stringBuilder.maxSize: 4096
12:50:28.591 [main] DEBUG io.netty.handler.ssl.JdkSslContext -Default protocols (JDK): [TLSv1.3, TLSv1.2] 
12:50:28.591 [main] DEBUG io.netty.handler.ssl.JdkSslContext -Default cipher suites (JDK): [TLS_ECDHE_ECDSA_WITH_AES_256_GCM_SHA384, TLS_ECDHE_ECDSA_WITH_AES_128_GCM_SHA256, TLS_ECDHE_RSA_WITH_AES_128_GCM_SHA256, TLS_ECDHE_RSA_WITH_AES_256_GCM_SHA384, TLS_ECDHE_RSA_WITH_AES_128_CBC_SHA, TLS_ECDHE_RSA_WITH_AES_256_CBC_SHA, TLS_RSA_WITH_AES_128_GCM_SHA256, TLS_RSA_WITH_AES_128_CBC_SHA, TLS_RSA_WITH_AES_256_CBC_SHA, TLS_AES_128_GCM_SHA256, TLS_AES_256_GCM_SHA384]
12:50:28.602 [main] DEBUG io.netty.util.concurrent.GlobalEventExecutor --Dio.netty.globalEventExecutor.quietPeriodSeconds: 1
12:50:28.613 [main] DEBUG io.netty.channel.MultithreadEventLoopGroup --Dio.netty.eventLoopThreads: 8
12:50:28.622 [main] DEBUG io.netty.channel.nio.NioEventLoop --Dio.netty.noKeySetOptimization: false
12:50:28.622 [main] DEBUG io.netty.channel.nio.NioEventLoop --Dio.netty.selectorAutoRebuildThreshold: 512
12:50:28.664 [main] DEBUG io.netty.buffer.PooledByteBufAllocator --Dio.netty.allocator.numHeapArenas: 8
12:50:28.665 [main] DEBUG io.netty.buffer.PooledByteBufAllocator --Dio.netty.allocator.numDirectArenas: 8
12:50:28.665 [main] DEBUG io.netty.buffer.PooledByteBufAllocator --Dio.netty.allocator.pageSize: 8192
12:50:28.665 [main] DEBUG io.netty.buffer.PooledByteBufAllocator --Dio.netty.allocator.maxOrder: 9
12:50:28.665 [main] DEBUG io.netty.buffer.PooledByteBufAllocator --Dio.netty.allocator.chunkSize: 4194304
12:50:28.665 [main] DEBUG io.netty.buffer.PooledByteBufAllocator --Dio.netty.allocator.smallCacheSize: 256
12:50:28.665 [main] DEBUG io.netty.buffer.PooledByteBufAllocator --Dio.netty.allocator.normalCacheSize: 64
12:50:28.665 [main] DEBUG io.netty.buffer.PooledByteBufAllocator --Dio.netty.allocator.maxCachedBufferCapacity: 32768
12:50:28.665 [main] DEBUG io.netty.buffer.PooledByteBufAllocator --Dio.netty.allocator.cacheTrimInterval: 8192
12:50:28.665 [main] DEBUG io.netty.buffer.PooledByteBufAllocator --Dio.netty.allocator.cacheTrimIntervalMillis: 0
12:50:28.665 [main] DEBUG io.netty.buffer.PooledByteBufAllocator --Dio.netty.allocator.useCacheForAllThreads: false
12:50:28.665 [main] DEBUG io.netty.buffer.PooledByteBufAllocator --Dio.netty.allocator.maxCachedByteBuffersPerChunk: 1023
12:50:28.680 [main] DEBUG io.netty.buffer.ByteBufUtil --Dio.netty.allocator.type: pooled
12:50:28.681 [main] DEBUG io.netty.buffer.ByteBufUtil --Dio.netty.threadLocalDirectBufferSize: 0
12:50:28.681 [main] DEBUG io.netty.buffer.ByteBufUtil --Dio.netty.maxThreadLocalCharBufferSize: 16384
12:50:28.935 [Forwarding newSession on session null to remote] DEBUG io.netty.channel.DefaultChannelId --Dio.netty.processId: 6992 (auto-detected)
12:50:28.937 [Forwarding newSession on session null to remote] DEBUG io.netty.util.NetUtil --Djava.net.preferIPv4Stack: false
12:50:28.937 [Forwarding newSession on session null to remote] DEBUG io.netty.util.NetUtil --Djava.net.preferIPv6Addresses: false
12:50:28.945 [Forwarding newSession on session null to remote] DEBUG io.netty.util.NetUtilInitializations -Loopback interface: lo (Software Loopback Interface 1, 127.0.0.1)
12:50:28.947 [Forwarding newSession on session null to remote] DEBUG io.netty.util.NetUtil -Failed to get SOMAXCONN from sysctl and file \proc\sys\net\core\somaxconn. Default: 200
12:50:28.969 [Forwarding newSession on session null to remote] DEBUG io.netty.channel.DefaultChannelId --Dio.netty.machineId: b0:35:9f:ff:fe:88:60:6c (auto-detected)
12:50:29.018 [AsyncHttpClient-1-2] DEBUG io.netty.buffer.AbstractByteBuf --Dio.netty.buffer.checkAccessible: true
12:50:29.019 [AsyncHttpClient-1-2] DEBUG io.netty.buffer.AbstractByteBuf --Dio.netty.buffer.checkBounds: true
12:50:29.019 [AsyncHttpClient-1-2] DEBUG io.netty.util.ResourceLeakDetectorFactory -Loaded default ResourceLeakDetector: io.netty.util.ResourceLeakDetector@1050cef5
12:50:29.039 [AsyncHttpClient-1-2] DEBUG io.netty.util.Recycler --Dio.netty.recycler.maxCapacityPerThread: 4096
12:50:29.039 [AsyncHttpClient-1-2] DEBUG io.netty.util.Recycler --Dio.netty.recycler.ratio: 8
12:50:29.039 [AsyncHttpClient-1-2] DEBUG io.netty.util.Recycler --Dio.netty.recycler.chunkSize: 32
12:50:29.040 [AsyncHttpClient-1-2] DEBUG io.netty.util.Recycler --Dio.netty.recycler.blocking: false
12:50:29.040 [AsyncHttpClient-1-2] DEBUG io.netty.util.Recycler --Dio.netty.recycler.batchFastThreadLocalOnly: true
12:50:29.840 [AsyncHttpClient-1-2] DEBUG io.netty.handler.codec.compression.Brotli -brotli4j not in the classpath; Brotli support will be unavailable.
12:50:30.062 [main] DEBUG io.netty.util.internal.ThreadLocalRandom --Dio.netty.initialSeedUniquifier: 0x81e2a3a37514e8d3
12:50:30.208 [main] INFO  stepDefinitions.Steps -*** URL Is launching***
12:50:31.383 [main] INFO  stepDefinitions.Steps -*** Username Entered ***
12:50:31.640 [main] INFO  stepDefinitions.Steps -*** Password Entered ***
12:50:31.853 [main] INFO  stepDefinitions.Steps -*** successfully submitted the loginbutton ***
12:50:31.975 [main] INFO  stepDefinitions.Steps -*** successfully entered the app page ***
12:50:32.367 [main] INFO  stepDefinitions.Steps -*** successfully logout the app ***
13:02:08.452 [main] INFO  stepDefinitions.Steps -***browser launching ***
13:02:08.963 [main] DEBUG io.netty.util.internal.logging.InternalLoggerFactory -Using Log4J2 as the default logging framework
13:02:08.967 [main] DEBUG io.netty.util.ResourceLeakDetector --Dio.netty.leakDetection.level: simple
13:02:08.967 [main] DEBUG io.netty.util.ResourceLeakDetector --Dio.netty.leakDetection.targetRecords: 4
13:02:08.971 [main] DEBUG io.netty.util.ResourceLeakDetectorFactory -Loaded default ResourceLeakDetector: io.netty.util.ResourceLeakDetector@6b474074
13:02:08.987 [main] DEBUG io.netty.util.internal.PlatformDependent0 --Dio.netty.noUnsafe: false
13:02:08.987 [main] DEBUG io.netty.util.internal.PlatformDependent0 -Java version: 17
13:02:08.989 [main] DEBUG io.netty.util.internal.PlatformDependent0 -sun.misc.Unsafe.theUnsafe: available
13:02:08.989 [main] DEBUG io.netty.util.internal.PlatformDependent0 -sun.misc.Unsafe.copyMemory: available
13:02:08.989 [main] DEBUG io.netty.util.internal.PlatformDependent0 -sun.misc.Unsafe.storeFence: available
13:02:08.990 [main] DEBUG io.netty.util.internal.PlatformDependent0 -java.nio.Buffer.address: available
13:02:08.991 [main] DEBUG io.netty.util.internal.PlatformDependent0 -direct buffer constructor: unavailable: Reflective setAccessible(true) disabled
13:02:08.991 [main] DEBUG io.netty.util.internal.PlatformDependent0 -java.nio.Bits.unaligned: available, true
13:02:08.992 [main] DEBUG io.netty.util.internal.PlatformDependent0 -jdk.internal.misc.Unsafe.allocateUninitializedArray(int): unavailable: class io.netty.util.internal.PlatformDependent0$7 cannot access class jdk.internal.misc.Unsafe (in module java.base) because module java.base does not export jdk.internal.misc to unnamed module @46f5f779
13:02:08.993 [main] DEBUG io.netty.util.internal.PlatformDependent0 -java.nio.DirectByteBuffer.<init>(long, int): unavailable
13:02:08.993 [main] DEBUG io.netty.util.internal.PlatformDependent -sun.misc.Unsafe: available
13:02:08.993 [main] DEBUG io.netty.util.internal.PlatformDependent -maxDirectMemory: 2118123520 bytes (maybe)
13:02:08.993 [main] DEBUG io.netty.util.internal.PlatformDependent --Dio.netty.tmpdir: C:\Users\Dell\AppData\Local\Temp (java.io.tmpdir)
13:02:08.993 [main] DEBUG io.netty.util.internal.PlatformDependent --Dio.netty.bitMode: 64 (sun.arch.data.model)
13:02:08.994 [main] DEBUG io.netty.util.internal.PlatformDependent -Platform: Windows
13:02:08.994 [main] DEBUG io.netty.util.internal.PlatformDependent --Dio.netty.maxDirectMemory: -1 bytes
13:02:08.994 [main] DEBUG io.netty.util.internal.PlatformDependent --Dio.netty.uninitializedArrayAllocationThreshold: -1
13:02:08.995 [main] DEBUG io.netty.util.internal.CleanerJava9 -java.nio.ByteBuffer.cleaner(): available
13:02:08.995 [main] DEBUG io.netty.util.internal.PlatformDependent --Dio.netty.noPreferDirect: false
13:02:09.001 [main] DEBUG io.netty.util.internal.PlatformDependent -org.jctools-core.MpscChunkedArrayQueue: available
13:02:09.030 [main] DEBUG io.netty.util.internal.InternalThreadLocalMap --Dio.netty.threadLocalMap.stringBuilder.initialSize: 1024
13:02:09.030 [main] DEBUG io.netty.util.internal.InternalThreadLocalMap --Dio.netty.threadLocalMap.stringBuilder.maxSize: 4096
13:02:09.167 [main] DEBUG io.netty.handler.ssl.JdkSslContext -Default protocols (JDK): [TLSv1.3, TLSv1.2] 
13:02:09.167 [main] DEBUG io.netty.handler.ssl.JdkSslContext -Default cipher suites (JDK): [TLS_ECDHE_ECDSA_WITH_AES_256_GCM_SHA384, TLS_ECDHE_ECDSA_WITH_AES_128_GCM_SHA256, TLS_ECDHE_RSA_WITH_AES_128_GCM_SHA256, TLS_ECDHE_RSA_WITH_AES_256_GCM_SHA384, TLS_ECDHE_RSA_WITH_AES_128_CBC_SHA, TLS_ECDHE_RSA_WITH_AES_256_CBC_SHA, TLS_RSA_WITH_AES_128_GCM_SHA256, TLS_RSA_WITH_AES_128_CBC_SHA, TLS_RSA_WITH_AES_256_CBC_SHA, TLS_AES_128_GCM_SHA256, TLS_AES_256_GCM_SHA384]
13:02:09.179 [main] DEBUG io.netty.util.concurrent.GlobalEventExecutor --Dio.netty.globalEventExecutor.quietPeriodSeconds: 1
13:02:09.190 [main] DEBUG io.netty.channel.MultithreadEventLoopGroup --Dio.netty.eventLoopThreads: 8
13:02:09.196 [main] DEBUG io.netty.channel.nio.NioEventLoop --Dio.netty.noKeySetOptimization: false
13:02:09.196 [main] DEBUG io.netty.channel.nio.NioEventLoop --Dio.netty.selectorAutoRebuildThreshold: 512
13:02:09.229 [main] DEBUG io.netty.buffer.PooledByteBufAllocator --Dio.netty.allocator.numHeapArenas: 8
13:02:09.229 [main] DEBUG io.netty.buffer.PooledByteBufAllocator --Dio.netty.allocator.numDirectArenas: 8
13:02:09.230 [main] DEBUG io.netty.buffer.PooledByteBufAllocator --Dio.netty.allocator.pageSize: 8192
13:02:09.230 [main] DEBUG io.netty.buffer.PooledByteBufAllocator --Dio.netty.allocator.maxOrder: 9
13:02:09.230 [main] DEBUG io.netty.buffer.PooledByteBufAllocator --Dio.netty.allocator.chunkSize: 4194304
13:02:09.230 [main] DEBUG io.netty.buffer.PooledByteBufAllocator --Dio.netty.allocator.smallCacheSize: 256
13:02:09.230 [main] DEBUG io.netty.buffer.PooledByteBufAllocator --Dio.netty.allocator.normalCacheSize: 64
13:02:09.230 [main] DEBUG io.netty.buffer.PooledByteBufAllocator --Dio.netty.allocator.maxCachedBufferCapacity: 32768
13:02:09.230 [main] DEBUG io.netty.buffer.PooledByteBufAllocator --Dio.netty.allocator.cacheTrimInterval: 8192
13:02:09.230 [main] DEBUG io.netty.buffer.PooledByteBufAllocator --Dio.netty.allocator.cacheTrimIntervalMillis: 0
13:02:09.230 [main] DEBUG io.netty.buffer.PooledByteBufAllocator --Dio.netty.allocator.useCacheForAllThreads: false
13:02:09.230 [main] DEBUG io.netty.buffer.PooledByteBufAllocator --Dio.netty.allocator.maxCachedByteBuffersPerChunk: 1023
13:02:09.239 [main] DEBUG io.netty.buffer.ByteBufUtil --Dio.netty.allocator.type: pooled
13:02:09.239 [main] DEBUG io.netty.buffer.ByteBufUtil --Dio.netty.threadLocalDirectBufferSize: 0
13:02:09.239 [main] DEBUG io.netty.buffer.ByteBufUtil --Dio.netty.maxThreadLocalCharBufferSize: 16384
13:02:09.510 [Forwarding newSession on session null to remote] DEBUG io.netty.channel.DefaultChannelId --Dio.netty.processId: 11400 (auto-detected)
13:02:09.512 [Forwarding newSession on session null to remote] DEBUG io.netty.util.NetUtil --Djava.net.preferIPv4Stack: false
13:02:09.512 [Forwarding newSession on session null to remote] DEBUG io.netty.util.NetUtil --Djava.net.preferIPv6Addresses: false
13:02:09.521 [Forwarding newSession on session null to remote] DEBUG io.netty.util.NetUtilInitializations -Loopback interface: lo (Software Loopback Interface 1, 127.0.0.1)
13:02:09.522 [Forwarding newSession on session null to remote] DEBUG io.netty.util.NetUtil -Failed to get SOMAXCONN from sysctl and file \proc\sys\net\core\somaxconn. Default: 200
13:02:09.542 [Forwarding newSession on session null to remote] DEBUG io.netty.channel.DefaultChannelId --Dio.netty.machineId: b0:35:9f:ff:fe:88:60:6c (auto-detected)
13:02:09.600 [AsyncHttpClient-1-2] DEBUG io.netty.buffer.AbstractByteBuf --Dio.netty.buffer.checkAccessible: true
13:02:09.601 [AsyncHttpClient-1-2] DEBUG io.netty.buffer.AbstractByteBuf --Dio.netty.buffer.checkBounds: true
13:02:09.601 [AsyncHttpClient-1-2] DEBUG io.netty.util.ResourceLeakDetectorFactory -Loaded default ResourceLeakDetector: io.netty.util.ResourceLeakDetector@27e59727
13:02:09.619 [AsyncHttpClient-1-2] DEBUG io.netty.util.Recycler --Dio.netty.recycler.maxCapacityPerThread: 4096
13:02:09.619 [AsyncHttpClient-1-2] DEBUG io.netty.util.Recycler --Dio.netty.recycler.ratio: 8
13:02:09.620 [AsyncHttpClient-1-2] DEBUG io.netty.util.Recycler --Dio.netty.recycler.chunkSize: 32
13:02:09.620 [AsyncHttpClient-1-2] DEBUG io.netty.util.Recycler --Dio.netty.recycler.blocking: false
13:02:09.620 [AsyncHttpClient-1-2] DEBUG io.netty.util.Recycler --Dio.netty.recycler.batchFastThreadLocalOnly: true
13:02:10.567 [AsyncHttpClient-1-2] DEBUG io.netty.handler.codec.compression.Brotli -brotli4j not in the classpath; Brotli support will be unavailable.
13:02:10.729 [main] DEBUG io.netty.util.internal.ThreadLocalRandom --Dio.netty.initialSeedUniquifier: 0x13400e9a7f915b73
13:02:10.835 [main] INFO  stepDefinitions.Steps -*** URL Is launching***
13:02:12.166 [main] INFO  stepDefinitions.Steps -*** Username Entered ***
13:02:12.416 [main] INFO  stepDefinitions.Steps -*** Password Entered ***
13:02:12.648 [main] INFO  stepDefinitions.Steps -*** successfully submitted the loginbutton ***
13:02:12.781 [main] INFO  stepDefinitions.Steps -*** successfully entered the app page ***
13:02:12.963 [main] INFO  stepDefinitions.Steps -*** successfully logout the app ***
13:06:37.181 [main] INFO  stepDefinitions.Steps -***browser launching ***
13:06:37.684 [main] DEBUG io.netty.util.internal.logging.InternalLoggerFactory -Using Log4J2 as the default logging framework
13:06:37.697 [main] DEBUG io.netty.util.ResourceLeakDetector --Dio.netty.leakDetection.level: simple
13:06:37.698 [main] DEBUG io.netty.util.ResourceLeakDetector --Dio.netty.leakDetection.targetRecords: 4
13:06:37.706 [main] DEBUG io.netty.util.ResourceLeakDetectorFactory -Loaded default ResourceLeakDetector: io.netty.util.ResourceLeakDetector@108531c2
13:06:37.747 [main] DEBUG io.netty.util.internal.PlatformDependent0 --Dio.netty.noUnsafe: false
13:06:37.747 [main] DEBUG io.netty.util.internal.PlatformDependent0 -Java version: 17
13:06:37.749 [main] DEBUG io.netty.util.internal.PlatformDependent0 -sun.misc.Unsafe.theUnsafe: available
13:06:37.751 [main] DEBUG io.netty.util.internal.PlatformDependent0 -sun.misc.Unsafe.copyMemory: available
13:06:37.752 [main] DEBUG io.netty.util.internal.PlatformDependent0 -sun.misc.Unsafe.storeFence: available
13:06:37.753 [main] DEBUG io.netty.util.internal.PlatformDependent0 -java.nio.Buffer.address: available
13:06:37.754 [main] DEBUG io.netty.util.internal.PlatformDependent0 -direct buffer constructor: unavailable: Reflective setAccessible(true) disabled
13:06:37.756 [main] DEBUG io.netty.util.internal.PlatformDependent0 -java.nio.Bits.unaligned: available, true
13:06:37.757 [main] DEBUG io.netty.util.internal.PlatformDependent0 -jdk.internal.misc.Unsafe.allocateUninitializedArray(int): unavailable: class io.netty.util.internal.PlatformDependent0$7 cannot access class jdk.internal.misc.Unsafe (in module java.base) because module java.base does not export jdk.internal.misc to unnamed module @46f5f779
13:06:37.759 [main] DEBUG io.netty.util.internal.PlatformDependent0 -java.nio.DirectByteBuffer.<init>(long, int): unavailable
13:06:37.759 [main] DEBUG io.netty.util.internal.PlatformDependent -sun.misc.Unsafe: available
13:06:37.760 [main] DEBUG io.netty.util.internal.PlatformDependent -maxDirectMemory: 2118123520 bytes (maybe)
13:06:37.760 [main] DEBUG io.netty.util.internal.PlatformDependent --Dio.netty.tmpdir: C:\Users\Dell\AppData\Local\Temp (java.io.tmpdir)
13:06:37.760 [main] DEBUG io.netty.util.internal.PlatformDependent --Dio.netty.bitMode: 64 (sun.arch.data.model)
13:06:37.762 [main] DEBUG io.netty.util.internal.PlatformDependent -Platform: Windows
13:06:37.762 [main] DEBUG io.netty.util.internal.PlatformDependent --Dio.netty.maxDirectMemory: -1 bytes
13:06:37.763 [main] DEBUG io.netty.util.internal.PlatformDependent --Dio.netty.uninitializedArrayAllocationThreshold: -1
13:06:37.764 [main] DEBUG io.netty.util.internal.CleanerJava9 -java.nio.ByteBuffer.cleaner(): available
13:06:37.765 [main] DEBUG io.netty.util.internal.PlatformDependent --Dio.netty.noPreferDirect: false
13:06:37.777 [main] DEBUG io.netty.util.internal.PlatformDependent -org.jctools-core.MpscChunkedArrayQueue: available
13:06:37.808 [main] DEBUG io.netty.util.internal.InternalThreadLocalMap --Dio.netty.threadLocalMap.stringBuilder.initialSize: 1024
13:06:37.808 [main] DEBUG io.netty.util.internal.InternalThreadLocalMap --Dio.netty.threadLocalMap.stringBuilder.maxSize: 4096
13:06:37.934 [main] DEBUG io.netty.handler.ssl.JdkSslContext -Default protocols (JDK): [TLSv1.3, TLSv1.2] 
13:06:37.935 [main] DEBUG io.netty.handler.ssl.JdkSslContext -Default cipher suites (JDK): [TLS_ECDHE_ECDSA_WITH_AES_256_GCM_SHA384, TLS_ECDHE_ECDSA_WITH_AES_128_GCM_SHA256, TLS_ECDHE_RSA_WITH_AES_128_GCM_SHA256, TLS_ECDHE_RSA_WITH_AES_256_GCM_SHA384, TLS_ECDHE_RSA_WITH_AES_128_CBC_SHA, TLS_ECDHE_RSA_WITH_AES_256_CBC_SHA, TLS_RSA_WITH_AES_128_GCM_SHA256, TLS_RSA_WITH_AES_128_CBC_SHA, TLS_RSA_WITH_AES_256_CBC_SHA, TLS_AES_128_GCM_SHA256, TLS_AES_256_GCM_SHA384]
13:06:37.946 [main] DEBUG io.netty.util.concurrent.GlobalEventExecutor --Dio.netty.globalEventExecutor.quietPeriodSeconds: 1
13:06:37.957 [main] DEBUG io.netty.channel.MultithreadEventLoopGroup --Dio.netty.eventLoopThreads: 8
13:06:37.965 [main] DEBUG io.netty.channel.nio.NioEventLoop --Dio.netty.noKeySetOptimization: false
13:06:37.965 [main] DEBUG io.netty.channel.nio.NioEventLoop --Dio.netty.selectorAutoRebuildThreshold: 512
13:06:38.007 [main] DEBUG io.netty.buffer.PooledByteBufAllocator --Dio.netty.allocator.numHeapArenas: 8
13:06:38.007 [main] DEBUG io.netty.buffer.PooledByteBufAllocator --Dio.netty.allocator.numDirectArenas: 8
13:06:38.007 [main] DEBUG io.netty.buffer.PooledByteBufAllocator --Dio.netty.allocator.pageSize: 8192
13:06:38.007 [main] DEBUG io.netty.buffer.PooledByteBufAllocator --Dio.netty.allocator.maxOrder: 9
13:06:38.007 [main] DEBUG io.netty.buffer.PooledByteBufAllocator --Dio.netty.allocator.chunkSize: 4194304
13:06:38.008 [main] DEBUG io.netty.buffer.PooledByteBufAllocator --Dio.netty.allocator.smallCacheSize: 256
13:06:38.008 [main] DEBUG io.netty.buffer.PooledByteBufAllocator --Dio.netty.allocator.normalCacheSize: 64
13:06:38.008 [main] DEBUG io.netty.buffer.PooledByteBufAllocator --Dio.netty.allocator.maxCachedBufferCapacity: 32768
13:06:38.008 [main] DEBUG io.netty.buffer.PooledByteBufAllocator --Dio.netty.allocator.cacheTrimInterval: 8192
13:06:38.008 [main] DEBUG io.netty.buffer.PooledByteBufAllocator --Dio.netty.allocator.cacheTrimIntervalMillis: 0
13:06:38.008 [main] DEBUG io.netty.buffer.PooledByteBufAllocator --Dio.netty.allocator.useCacheForAllThreads: false
13:06:38.008 [main] DEBUG io.netty.buffer.PooledByteBufAllocator --Dio.netty.allocator.maxCachedByteBuffersPerChunk: 1023
13:06:38.019 [main] DEBUG io.netty.buffer.ByteBufUtil --Dio.netty.allocator.type: pooled
13:06:38.019 [main] DEBUG io.netty.buffer.ByteBufUtil --Dio.netty.threadLocalDirectBufferSize: 0
13:06:38.019 [main] DEBUG io.netty.buffer.ByteBufUtil --Dio.netty.maxThreadLocalCharBufferSize: 16384
13:06:38.258 [Forwarding newSession on session null to remote] DEBUG io.netty.channel.DefaultChannelId --Dio.netty.processId: 6052 (auto-detected)
13:06:38.269 [Forwarding newSession on session null to remote] DEBUG io.netty.util.NetUtil --Djava.net.preferIPv4Stack: false
13:06:38.269 [Forwarding newSession on session null to remote] DEBUG io.netty.util.NetUtil --Djava.net.preferIPv6Addresses: false
13:06:38.277 [Forwarding newSession on session null to remote] DEBUG io.netty.util.NetUtilInitializations -Loopback interface: lo (Software Loopback Interface 1, 127.0.0.1)
13:06:38.278 [Forwarding newSession on session null to remote] DEBUG io.netty.util.NetUtil -Failed to get SOMAXCONN from sysctl and file \proc\sys\net\core\somaxconn. Default: 200
13:06:38.297 [Forwarding newSession on session null to remote] DEBUG io.netty.channel.DefaultChannelId --Dio.netty.machineId: b0:35:9f:ff:fe:88:60:6c (auto-detected)
13:06:38.334 [AsyncHttpClient-1-2] DEBUG io.netty.buffer.AbstractByteBuf --Dio.netty.buffer.checkAccessible: true
13:06:38.335 [AsyncHttpClient-1-2] DEBUG io.netty.buffer.AbstractByteBuf --Dio.netty.buffer.checkBounds: true
13:06:38.335 [AsyncHttpClient-1-2] DEBUG io.netty.util.ResourceLeakDetectorFactory -Loaded default ResourceLeakDetector: io.netty.util.ResourceLeakDetector@692849b2
13:06:38.355 [AsyncHttpClient-1-2] DEBUG io.netty.util.Recycler --Dio.netty.recycler.maxCapacityPerThread: 4096
13:06:38.355 [AsyncHttpClient-1-2] DEBUG io.netty.util.Recycler --Dio.netty.recycler.ratio: 8
13:06:38.356 [AsyncHttpClient-1-2] DEBUG io.netty.util.Recycler --Dio.netty.recycler.chunkSize: 32
13:06:38.356 [AsyncHttpClient-1-2] DEBUG io.netty.util.Recycler --Dio.netty.recycler.blocking: false
13:06:38.356 [AsyncHttpClient-1-2] DEBUG io.netty.util.Recycler --Dio.netty.recycler.batchFastThreadLocalOnly: true
13:06:39.135 [AsyncHttpClient-1-2] DEBUG io.netty.handler.codec.compression.Brotli -brotli4j not in the classpath; Brotli support will be unavailable.
13:06:39.323 [main] DEBUG io.netty.util.internal.ThreadLocalRandom --Dio.netty.initialSeedUniquifier: 0xeae6ffb4936a1e40
13:06:39.422 [main] INFO  stepDefinitions.Steps -*** URL Is launching***
13:06:40.981 [main] INFO  stepDefinitions.Steps -*** Username Entered ***
13:06:41.215 [main] INFO  stepDefinitions.Steps -*** Password Entered ***
13:06:41.466 [main] INFO  stepDefinitions.Steps -*** successfully submitted the loginbutton ***
13:06:41.547 [main] INFO  stepDefinitions.Steps -*** successfully entered the app page ***
13:48:45.058 [main] INFO  stepDefinitions.Steps -***browser launching ***
13:48:45.549 [main] DEBUG io.netty.util.internal.logging.InternalLoggerFactory -Using Log4J2 as the default logging framework
13:48:45.555 [main] DEBUG io.netty.util.ResourceLeakDetector --Dio.netty.leakDetection.level: simple
13:48:45.555 [main] DEBUG io.netty.util.ResourceLeakDetector --Dio.netty.leakDetection.targetRecords: 4
13:48:45.559 [main] DEBUG io.netty.util.ResourceLeakDetectorFactory -Loaded default ResourceLeakDetector: io.netty.util.ResourceLeakDetector@c8b96ec
13:48:45.576 [main] DEBUG io.netty.util.internal.PlatformDependent0 --Dio.netty.noUnsafe: false
13:48:45.576 [main] DEBUG io.netty.util.internal.PlatformDependent0 -Java version: 17
13:48:45.577 [main] DEBUG io.netty.util.internal.PlatformDependent0 -sun.misc.Unsafe.theUnsafe: available
13:48:45.578 [main] DEBUG io.netty.util.internal.PlatformDependent0 -sun.misc.Unsafe.copyMemory: available
13:48:45.578 [main] DEBUG io.netty.util.internal.PlatformDependent0 -sun.misc.Unsafe.storeFence: available
13:48:45.579 [main] DEBUG io.netty.util.internal.PlatformDependent0 -java.nio.Buffer.address: available
13:48:45.579 [main] DEBUG io.netty.util.internal.PlatformDependent0 -direct buffer constructor: unavailable: Reflective setAccessible(true) disabled
13:48:45.580 [main] DEBUG io.netty.util.internal.PlatformDependent0 -java.nio.Bits.unaligned: available, true
13:48:45.581 [main] DEBUG io.netty.util.internal.PlatformDependent0 -jdk.internal.misc.Unsafe.allocateUninitializedArray(int): unavailable: class io.netty.util.internal.PlatformDependent0$7 cannot access class jdk.internal.misc.Unsafe (in module java.base) because module java.base does not export jdk.internal.misc to unnamed module @19bb089b
13:48:45.582 [main] DEBUG io.netty.util.internal.PlatformDependent0 -java.nio.DirectByteBuffer.<init>(long, int): unavailable
13:48:45.582 [main] DEBUG io.netty.util.internal.PlatformDependent -sun.misc.Unsafe: available
13:48:45.582 [main] DEBUG io.netty.util.internal.PlatformDependent -maxDirectMemory: 2118123520 bytes (maybe)
13:48:45.583 [main] DEBUG io.netty.util.internal.PlatformDependent --Dio.netty.tmpdir: C:\Users\Dell\AppData\Local\Temp (java.io.tmpdir)
13:48:45.583 [main] DEBUG io.netty.util.internal.PlatformDependent --Dio.netty.bitMode: 64 (sun.arch.data.model)
13:48:45.583 [main] DEBUG io.netty.util.internal.PlatformDependent -Platform: Windows
13:48:45.584 [main] DEBUG io.netty.util.internal.PlatformDependent --Dio.netty.maxDirectMemory: -1 bytes
13:48:45.584 [main] DEBUG io.netty.util.internal.PlatformDependent --Dio.netty.uninitializedArrayAllocationThreshold: -1
13:48:45.585 [main] DEBUG io.netty.util.internal.CleanerJava9 -java.nio.ByteBuffer.cleaner(): available
13:48:45.585 [main] DEBUG io.netty.util.internal.PlatformDependent --Dio.netty.noPreferDirect: false
13:48:45.592 [main] DEBUG io.netty.util.internal.PlatformDependent -org.jctools-core.MpscChunkedArrayQueue: available
13:48:45.611 [main] DEBUG io.netty.util.internal.InternalThreadLocalMap --Dio.netty.threadLocalMap.stringBuilder.initialSize: 1024
13:48:45.611 [main] DEBUG io.netty.util.internal.InternalThreadLocalMap --Dio.netty.threadLocalMap.stringBuilder.maxSize: 4096
13:48:45.742 [main] DEBUG io.netty.handler.ssl.JdkSslContext -Default protocols (JDK): [TLSv1.3, TLSv1.2] 
13:48:45.742 [main] DEBUG io.netty.handler.ssl.JdkSslContext -Default cipher suites (JDK): [TLS_ECDHE_ECDSA_WITH_AES_256_GCM_SHA384, TLS_ECDHE_ECDSA_WITH_AES_128_GCM_SHA256, TLS_ECDHE_RSA_WITH_AES_128_GCM_SHA256, TLS_ECDHE_RSA_WITH_AES_256_GCM_SHA384, TLS_ECDHE_RSA_WITH_AES_128_CBC_SHA, TLS_ECDHE_RSA_WITH_AES_256_CBC_SHA, TLS_RSA_WITH_AES_128_GCM_SHA256, TLS_RSA_WITH_AES_128_CBC_SHA, TLS_RSA_WITH_AES_256_CBC_SHA, TLS_AES_128_GCM_SHA256, TLS_AES_256_GCM_SHA384]
13:48:45.753 [main] DEBUG io.netty.util.concurrent.GlobalEventExecutor --Dio.netty.globalEventExecutor.quietPeriodSeconds: 1
13:48:45.765 [main] DEBUG io.netty.channel.MultithreadEventLoopGroup --Dio.netty.eventLoopThreads: 8
13:48:45.774 [main] DEBUG io.netty.channel.nio.NioEventLoop --Dio.netty.noKeySetOptimization: false
13:48:45.774 [main] DEBUG io.netty.channel.nio.NioEventLoop --Dio.netty.selectorAutoRebuildThreshold: 512
13:48:45.836 [main] DEBUG io.netty.buffer.PooledByteBufAllocator --Dio.netty.allocator.numHeapArenas: 8
13:48:45.836 [main] DEBUG io.netty.buffer.PooledByteBufAllocator --Dio.netty.allocator.numDirectArenas: 8
13:48:45.836 [main] DEBUG io.netty.buffer.PooledByteBufAllocator --Dio.netty.allocator.pageSize: 8192
13:48:45.836 [main] DEBUG io.netty.buffer.PooledByteBufAllocator --Dio.netty.allocator.maxOrder: 9
13:48:45.836 [main] DEBUG io.netty.buffer.PooledByteBufAllocator --Dio.netty.allocator.chunkSize: 4194304
13:48:45.836 [main] DEBUG io.netty.buffer.PooledByteBufAllocator --Dio.netty.allocator.smallCacheSize: 256
13:48:45.837 [main] DEBUG io.netty.buffer.PooledByteBufAllocator --Dio.netty.allocator.normalCacheSize: 64
13:48:45.837 [main] DEBUG io.netty.buffer.PooledByteBufAllocator --Dio.netty.allocator.maxCachedBufferCapacity: 32768
13:48:45.837 [main] DEBUG io.netty.buffer.PooledByteBufAllocator --Dio.netty.allocator.cacheTrimInterval: 8192
13:48:45.837 [main] DEBUG io.netty.buffer.PooledByteBufAllocator --Dio.netty.allocator.cacheTrimIntervalMillis: 0
13:48:45.837 [main] DEBUG io.netty.buffer.PooledByteBufAllocator --Dio.netty.allocator.useCacheForAllThreads: false
13:48:45.837 [main] DEBUG io.netty.buffer.PooledByteBufAllocator --Dio.netty.allocator.maxCachedByteBuffersPerChunk: 1023
13:48:45.848 [main] DEBUG io.netty.buffer.ByteBufUtil --Dio.netty.allocator.type: pooled
13:48:45.848 [main] DEBUG io.netty.buffer.ByteBufUtil --Dio.netty.threadLocalDirectBufferSize: 0
13:48:45.848 [main] DEBUG io.netty.buffer.ByteBufUtil --Dio.netty.maxThreadLocalCharBufferSize: 16384
13:48:46.081 [Forwarding newSession on session null to remote] DEBUG io.netty.channel.DefaultChannelId --Dio.netty.processId: 18508 (auto-detected)
13:48:46.082 [Forwarding newSession on session null to remote] DEBUG io.netty.util.NetUtil --Djava.net.preferIPv4Stack: false
13:48:46.083 [Forwarding newSession on session null to remote] DEBUG io.netty.util.NetUtil --Djava.net.preferIPv6Addresses: false
13:48:46.090 [Forwarding newSession on session null to remote] DEBUG io.netty.util.NetUtilInitializations -Loopback interface: lo (Software Loopback Interface 1, 127.0.0.1)
13:48:46.091 [Forwarding newSession on session null to remote] DEBUG io.netty.util.NetUtil -Failed to get SOMAXCONN from sysctl and file \proc\sys\net\core\somaxconn. Default: 200
13:48:46.108 [Forwarding newSession on session null to remote] DEBUG io.netty.channel.DefaultChannelId --Dio.netty.machineId: b0:35:9f:ff:fe:88:60:6c (auto-detected)
13:48:46.143 [AsyncHttpClient-1-2] DEBUG io.netty.buffer.AbstractByteBuf --Dio.netty.buffer.checkAccessible: true
13:48:46.143 [AsyncHttpClient-1-2] DEBUG io.netty.buffer.AbstractByteBuf --Dio.netty.buffer.checkBounds: true
13:48:46.143 [AsyncHttpClient-1-2] DEBUG io.netty.util.ResourceLeakDetectorFactory -Loaded default ResourceLeakDetector: io.netty.util.ResourceLeakDetector@35a29382
13:48:46.163 [AsyncHttpClient-1-2] DEBUG io.netty.util.Recycler --Dio.netty.recycler.maxCapacityPerThread: 4096
13:48:46.163 [AsyncHttpClient-1-2] DEBUG io.netty.util.Recycler --Dio.netty.recycler.ratio: 8
13:48:46.163 [AsyncHttpClient-1-2] DEBUG io.netty.util.Recycler --Dio.netty.recycler.chunkSize: 32
13:48:46.163 [AsyncHttpClient-1-2] DEBUG io.netty.util.Recycler --Dio.netty.recycler.blocking: false
13:48:46.163 [AsyncHttpClient-1-2] DEBUG io.netty.util.Recycler --Dio.netty.recycler.batchFastThreadLocalOnly: true
13:48:47.041 [AsyncHttpClient-1-2] DEBUG io.netty.handler.codec.compression.Brotli -brotli4j not in the classpath; Brotli support will be unavailable.
13:48:47.137 [main] DEBUG io.netty.util.internal.ThreadLocalRandom --Dio.netty.initialSeedUniquifier: 0xa1182ef7fe420674
13:48:47.175 [main] INFO  stepDefinitions.Steps -*** URL Is launching***
13:48:48.639 [main] INFO  stepDefinitions.Steps -*** Username Entered ***
13:48:48.788 [main] INFO  stepDefinitions.Steps -*** Password Entered ***
13:48:48.945 [main] INFO  stepDefinitions.Steps -*** successfully submitted the loginbutton ***
13:48:49.012 [main] INFO  stepDefinitions.Steps -*** successfully entered the app page ***
13:48:49.676 [main] INFO  stepDefinitions.Steps -***browser launching ***
13:48:50.682 [main] INFO  stepDefinitions.Steps -*** URL Is launching***
13:48:51.598 [main] INFO  stepDefinitions.Steps -*** Username Entered ***
13:48:51.760 [main] INFO  stepDefinitions.Steps -*** Password Entered ***
13:48:51.900 [main] INFO  stepDefinitions.Steps -*** successfully submitted the loginbutton ***
13:49:11.207 [main] INFO  stepDefinitions.Steps -***browser launching ***
13:49:12.340 [main] INFO  stepDefinitions.Steps -*** URL Is launching***
13:49:13.459 [main] INFO  stepDefinitions.Steps -*** Username Entered ***
13:49:13.617 [main] INFO  stepDefinitions.Steps -*** Password Entered ***
13:49:13.797 [main] INFO  stepDefinitions.Steps -*** successfully submitted the loginbutton ***
13:49:13.869 [main] INFO  stepDefinitions.Steps -*** successfully entered the app page ***
13:49:14.455 [main] INFO  stepDefinitions.Steps -***browser launching ***
13:49:15.555 [main] INFO  stepDefinitions.Steps -*** URL Is launching***
13:49:16.550 [main] INFO  stepDefinitions.Steps -*** Username Entered ***
13:49:16.727 [main] INFO  stepDefinitions.Steps -*** Password Entered ***
13:49:21.892 [main] INFO  stepDefinitions.Steps -*** successfully submitted the loginbutton ***
13:49:21.953 [main] INFO  stepDefinitions.Steps -*** successfully entered the app page ***
13:54:36.582 [main] INFO  stepDefinitions.Steps -***browser launching ***
13:54:36.989 [main] DEBUG io.netty.util.internal.logging.InternalLoggerFactory -Using Log4J2 as the default logging framework
13:54:36.996 [main] DEBUG io.netty.util.ResourceLeakDetector --Dio.netty.leakDetection.level: simple
13:54:36.996 [main] DEBUG io.netty.util.ResourceLeakDetector --Dio.netty.leakDetection.targetRecords: 4
13:54:36.999 [main] DEBUG io.netty.util.ResourceLeakDetectorFactory -Loaded default ResourceLeakDetector: io.netty.util.ResourceLeakDetector@1949309d
13:54:37.014 [main] DEBUG io.netty.util.internal.PlatformDependent0 --Dio.netty.noUnsafe: false
13:54:37.015 [main] DEBUG io.netty.util.internal.PlatformDependent0 -Java version: 17
13:54:37.016 [main] DEBUG io.netty.util.internal.PlatformDependent0 -sun.misc.Unsafe.theUnsafe: available
13:54:37.016 [main] DEBUG io.netty.util.internal.PlatformDependent0 -sun.misc.Unsafe.copyMemory: available
13:54:37.017 [main] DEBUG io.netty.util.internal.PlatformDependent0 -sun.misc.Unsafe.storeFence: available
13:54:37.017 [main] DEBUG io.netty.util.internal.PlatformDependent0 -java.nio.Buffer.address: available
13:54:37.018 [main] DEBUG io.netty.util.internal.PlatformDependent0 -direct buffer constructor: unavailable: Reflective setAccessible(true) disabled
13:54:37.018 [main] DEBUG io.netty.util.internal.PlatformDependent0 -java.nio.Bits.unaligned: available, true
13:54:37.019 [main] DEBUG io.netty.util.internal.PlatformDependent0 -jdk.internal.misc.Unsafe.allocateUninitializedArray(int): unavailable: class io.netty.util.internal.PlatformDependent0$7 cannot access class jdk.internal.misc.Unsafe (in module java.base) because module java.base does not export jdk.internal.misc to unnamed module @46f5f779
13:54:37.020 [main] DEBUG io.netty.util.internal.PlatformDependent0 -java.nio.DirectByteBuffer.<init>(long, int): unavailable
13:54:37.020 [main] DEBUG io.netty.util.internal.PlatformDependent -sun.misc.Unsafe: available
13:54:37.020 [main] DEBUG io.netty.util.internal.PlatformDependent -maxDirectMemory: 2118123520 bytes (maybe)
13:54:37.020 [main] DEBUG io.netty.util.internal.PlatformDependent --Dio.netty.tmpdir: C:\Users\Dell\AppData\Local\Temp (java.io.tmpdir)
13:54:37.020 [main] DEBUG io.netty.util.internal.PlatformDependent --Dio.netty.bitMode: 64 (sun.arch.data.model)
13:54:37.021 [main] DEBUG io.netty.util.internal.PlatformDependent -Platform: Windows
13:54:37.021 [main] DEBUG io.netty.util.internal.PlatformDependent --Dio.netty.maxDirectMemory: -1 bytes
13:54:37.021 [main] DEBUG io.netty.util.internal.PlatformDependent --Dio.netty.uninitializedArrayAllocationThreshold: -1
13:54:37.022 [main] DEBUG io.netty.util.internal.CleanerJava9 -java.nio.ByteBuffer.cleaner(): available
13:54:37.022 [main] DEBUG io.netty.util.internal.PlatformDependent --Dio.netty.noPreferDirect: false
13:54:37.028 [main] DEBUG io.netty.util.internal.PlatformDependent -org.jctools-core.MpscChunkedArrayQueue: available
13:54:37.054 [main] DEBUG io.netty.util.internal.InternalThreadLocalMap --Dio.netty.threadLocalMap.stringBuilder.initialSize: 1024
13:54:37.054 [main] DEBUG io.netty.util.internal.InternalThreadLocalMap --Dio.netty.threadLocalMap.stringBuilder.maxSize: 4096
13:54:37.179 [main] DEBUG io.netty.handler.ssl.JdkSslContext -Default protocols (JDK): [TLSv1.3, TLSv1.2] 
13:54:37.180 [main] DEBUG io.netty.handler.ssl.JdkSslContext -Default cipher suites (JDK): [TLS_ECDHE_ECDSA_WITH_AES_256_GCM_SHA384, TLS_ECDHE_ECDSA_WITH_AES_128_GCM_SHA256, TLS_ECDHE_RSA_WITH_AES_128_GCM_SHA256, TLS_ECDHE_RSA_WITH_AES_256_GCM_SHA384, TLS_ECDHE_RSA_WITH_AES_128_CBC_SHA, TLS_ECDHE_RSA_WITH_AES_256_CBC_SHA, TLS_RSA_WITH_AES_128_GCM_SHA256, TLS_RSA_WITH_AES_128_CBC_SHA, TLS_RSA_WITH_AES_256_CBC_SHA, TLS_AES_128_GCM_SHA256, TLS_AES_256_GCM_SHA384]
13:54:37.190 [main] DEBUG io.netty.util.concurrent.GlobalEventExecutor --Dio.netty.globalEventExecutor.quietPeriodSeconds: 1
13:54:37.200 [main] DEBUG io.netty.channel.MultithreadEventLoopGroup --Dio.netty.eventLoopThreads: 8
13:54:37.208 [main] DEBUG io.netty.channel.nio.NioEventLoop --Dio.netty.noKeySetOptimization: false
13:54:37.208 [main] DEBUG io.netty.channel.nio.NioEventLoop --Dio.netty.selectorAutoRebuildThreshold: 512
13:54:37.240 [main] DEBUG io.netty.buffer.PooledByteBufAllocator --Dio.netty.allocator.numHeapArenas: 8
13:54:37.241 [main] DEBUG io.netty.buffer.PooledByteBufAllocator --Dio.netty.allocator.numDirectArenas: 8
13:54:37.241 [main] DEBUG io.netty.buffer.PooledByteBufAllocator --Dio.netty.allocator.pageSize: 8192
13:54:37.241 [main] DEBUG io.netty.buffer.PooledByteBufAllocator --Dio.netty.allocator.maxOrder: 9
13:54:37.241 [main] DEBUG io.netty.buffer.PooledByteBufAllocator --Dio.netty.allocator.chunkSize: 4194304
13:54:37.241 [main] DEBUG io.netty.buffer.PooledByteBufAllocator --Dio.netty.allocator.smallCacheSize: 256
13:54:37.241 [main] DEBUG io.netty.buffer.PooledByteBufAllocator --Dio.netty.allocator.normalCacheSize: 64
13:54:37.241 [main] DEBUG io.netty.buffer.PooledByteBufAllocator --Dio.netty.allocator.maxCachedBufferCapacity: 32768
13:54:37.241 [main] DEBUG io.netty.buffer.PooledByteBufAllocator --Dio.netty.allocator.cacheTrimInterval: 8192
13:54:37.241 [main] DEBUG io.netty.buffer.PooledByteBufAllocator --Dio.netty.allocator.cacheTrimIntervalMillis: 0
13:54:37.241 [main] DEBUG io.netty.buffer.PooledByteBufAllocator --Dio.netty.allocator.useCacheForAllThreads: false
13:54:37.242 [main] DEBUG io.netty.buffer.PooledByteBufAllocator --Dio.netty.allocator.maxCachedByteBuffersPerChunk: 1023
13:54:37.255 [main] DEBUG io.netty.buffer.ByteBufUtil --Dio.netty.allocator.type: pooled
13:54:37.255 [main] DEBUG io.netty.buffer.ByteBufUtil --Dio.netty.threadLocalDirectBufferSize: 0
13:54:37.255 [main] DEBUG io.netty.buffer.ByteBufUtil --Dio.netty.maxThreadLocalCharBufferSize: 16384
13:54:37.521 [Forwarding newSession on session null to remote] DEBUG io.netty.channel.DefaultChannelId --Dio.netty.processId: 15668 (auto-detected)
13:54:37.523 [Forwarding newSession on session null to remote] DEBUG io.netty.util.NetUtil --Djava.net.preferIPv4Stack: false
13:54:37.523 [Forwarding newSession on session null to remote] DEBUG io.netty.util.NetUtil --Djava.net.preferIPv6Addresses: false
